2018-04-19 13:21:11,937 - INFO - Test Start
2018-04-19 13:21:11,953 - INFO - Doesn't send report email to developer.
2018-04-19 13:21:11,953 - INFO - Test End
2018-04-19 14:00:21,285 - INFO - Test Start
2018-04-19 14:00:21,364 - INFO - Doesn't send report email to developer.
2018-04-19 14:00:21,364 - INFO - Test End
2018-04-19 14:01:22,619 - INFO - Test Start
2018-04-19 14:01:22,635 - INFO - Doesn't send report email to developer.
2018-04-19 14:01:22,635 - INFO - Test End
2018-04-19 14:01:49,024 - INFO - Test Start
2018-04-19 14:01:49,036 - DEBUG - Starting new HTTPS connection (1): m.taidu.com
2018-04-19 14:01:49,318 - DEBUG - https://m.taidu.com:443 "GET /goodsSite/banner/bannerList?clientType=H5&abbr=CN&showPage=home&clientVersion= HTTP/1.1" 200 None
2018-04-19 14:01:49,325 - DEBUG - Starting new HTTPS connection (1): m.taidu.com
2018-04-19 14:01:49,488 - DEBUG - https://m.taidu.com:443 "GET /goodsSite/banner/bannerList?clientType=&abbr=CN&showPage=home&clientVersion= HTTP/1.1" 200 None
2018-04-19 14:01:49,494 - DEBUG - Starting new HTTPS connection (1): m.taidu.com
2018-04-19 14:01:49,678 - DEBUG - https://m.taidu.com:443 "GET /memberSite/sso/loginJson?loginAccount=18521035133&password=123456 HTTP/1.1" 200 None
2018-04-19 14:01:49,683 - DEBUG - Starting new HTTPS connection (1): m.taidu.com
2018-04-19 14:01:49,862 - DEBUG - https://m.taidu.com:443 "GET /memberSite/sso/loginJson?loginAccount=18521035132&password=111111 HTTP/1.1" 200 None
2018-04-19 14:01:49,867 - DEBUG - Starting new HTTPS connection (1): m.taidu.com
2018-04-19 14:01:50,075 - DEBUG - https://m.taidu.com:443 "GET /memberSite/sso/loginJson?loginAccount=18521035133&password=111111 HTTP/1.1" 200 None
2018-04-19 14:01:50,080 - INFO - Doesn't send report email to developer.
2018-04-19 14:01:50,080 - INFO - Test End
2018-04-19 21:05:33,530 - INFO - Test Start
2018-04-19 21:05:33,609 - INFO - Doesn't send report email to developer.
2018-04-19 21:05:33,609 - INFO - Test End
2018-04-19 21:07:00,818 - INFO - Test Start
2018-04-19 21:07:00,840 - INFO - Doesn't send report email to developer.
2018-04-19 21:07:00,841 - INFO - Test End
2018-04-19 21:09:23,590 - INFO - Test Start
2018-04-19 21:09:23,621 - INFO - Doesn't send report email to developer.
2018-04-19 21:09:23,621 - INFO - Test End
2018-04-19 21:09:42,601 - INFO - Test Start
2018-04-19 21:09:42,630 - INFO - Doesn't send report email to developer.
2018-04-19 21:09:42,630 - INFO - Test End
2018-04-19 21:14:16,711 - INFO - Test Start
2018-04-19 21:14:16,718 - DEBUG - Starting new HTTPS connection (1): m.taidu.com
2018-04-19 21:14:16,902 - DEBUG - https://m.taidu.com:443 "GET /goodsSite/banner/bannerList?clientType=H5&abbr=CN&showPage=home&clientVersion= HTTP/1.1" 200 None
2018-04-19 21:14:16,909 - DEBUG - Starting new HTTPS connection (1): m.taidu.com
2018-04-19 21:14:17,075 - DEBUG - https://m.taidu.com:443 "GET /goodsSite/banner/bannerList?clientType=&abbr=CN&showPage=home&clientVersion= HTTP/1.1" 200 None
2018-04-19 21:14:17,087 - INFO - Doesn't send report email to developer.
2018-04-19 21:14:17,088 - INFO - Test End
2018-04-19 21:14:52,596 - INFO - Test Start
2018-04-19 21:14:52,604 - DEBUG - Starting new HTTPS connection (1): m.taidu.com
2018-04-19 21:14:52,780 - DEBUG - https://m.taidu.com:443 "GET /goodsSite/banner/bannerList?clientType=H5&abbr=CN&showPage=home&clientVersion= HTTP/1.1" 200 None
2018-04-19 21:14:52,787 - DEBUG - Starting new HTTPS connection (1): m.taidu.com
2018-04-19 21:14:52,957 - DEBUG - https://m.taidu.com:443 "GET /goodsSite/banner/bannerList?clientType=&abbr=CN&showPage=home&clientVersion= HTTP/1.1" 200 None
2018-04-19 21:14:52,963 - DEBUG - Starting new HTTPS connection (1): m.taidu.com
2018-04-19 21:14:53,148 - DEBUG - https://m.taidu.com:443 "GET /memberSite/sso/loginJson?loginAccount=18521035133&password=123456 HTTP/1.1" 200 None
2018-04-19 21:14:53,153 - DEBUG - Starting new HTTPS connection (1): m.taidu.com
2018-04-19 21:14:53,345 - DEBUG - https://m.taidu.com:443 "GET /memberSite/sso/loginJson?loginAccount=18521035132&password=111111 HTTP/1.1" 200 None
2018-04-19 21:14:53,350 - DEBUG - Starting new HTTPS connection (1): m.taidu.com
2018-04-19 21:14:53,556 - DEBUG - https://m.taidu.com:443 "GET /memberSite/sso/loginJson?loginAccount=18521035133&password=111111 HTTP/1.1" 200 None
2018-04-19 21:14:53,560 - INFO - Doesn't send report email to developer.
2018-04-19 21:14:53,561 - INFO - Test End
