2018-05-15 23:25:00,031 - DEBUG - Starting new HTTPS connection (1): m.taidu.com
2018-05-15 23:25:00,395 - DEBUG - https://m.taidu.com:443 "GET /memberSite/sso/loginJson?loginAccount=18521035133&password=111111&code=&rememberMe=1&clientType=H5&abbr=CN&clientVersion=&sign=87823FC7334C13955C8B451B48027954 HTTP/1.1" 200 None
2018-05-15 23:25:00,520 - DEBUG - https://m.taidu.com:443 "GET /memberSite/sso/loginJson?loginAccount=18521035133&password=111111&code=&rememberMe=1&clientType=H5&abbr=CN&clientVersion=&sign=87823FC7334C13955C8B451B48027954&%7B'loginAccount':%20'18521035133',%20'password':%20'111111',%20'code':%20'',%20'rememberMe':%20'1',%20'clientType':%20'H5',%20'abbr':%20'CN',%20'clientVersion':%20'',%20'sign':%20'87823FC7334C13955C8B451B48027954'%7D%0A HTTP/1.1" 200 None
2018-05-15 23:25:00,536 - DEBUG - Starting new HTTPS connection (1): m.taidu.com
2018-05-15 23:25:00,790 - DEBUG - https://m.taidu.com:443 "GET /memberSite/sso/loginJson?loginAccount=18521035133&password=111111&code=&rememberMe=1&clientType=H5&abbr=CN&clientVersion=&sign=87823FC7334C13955C8B451B48027954 HTTP/1.1" 200 None
2018-05-15 23:25:00,860 - DEBUG - https://m.taidu.com:443 "GET /goodsSite/banner/bannerList?%7B'clientType':%20'H5',%20'abbr':%20'CN',%20'showPage':%20'home',%20'clientVersion':%20'',%20'sign':%20''%7D%0A HTTP/1.1" 200 None
2018-05-15 23:25:00,860 - DEBUG - Starting new HTTPS connection (1): m.taidu.com
2018-05-15 23:25:01,078 - DEBUG - https://m.taidu.com:443 "GET /memberSite/sso/loginJson?loginAccount=18521035133&password=111111&code=&rememberMe=1&clientType=H5&abbr=CN&clientVersion=&sign=87823FC7334C13955C8B451B48027954 HTTP/1.1" 200 None
2018-05-15 23:25:01,156 - DEBUG - https://m.taidu.com:443 "POST /orderPaySite/tude/order/queryOrderList HTTP/1.1" 200 0
2018-05-15 23:25:42,880 - DEBUG - Starting new HTTPS connection (1): m.taidu.com
2018-05-15 23:25:43,130 - DEBUG - https://m.taidu.com:443 "GET /memberSite/sso/loginJson?loginAccount=18521035133&password=111111&code=&rememberMe=1&clientType=H5&abbr=CN&clientVersion=&sign=87823FC7334C13955C8B451B48027954 HTTP/1.1" 200 None
2018-05-15 23:25:43,331 - DEBUG - https://m.taidu.com:443 "GET /memberSite/sso/loginJson?loginAccount=18521035133&password=111111&code=&rememberMe=1&clientType=H5&abbr=CN&clientVersion=&sign=87823FC7334C13955C8B451B48027954&%7B'loginAccount':%20'18521035133',%20'password':%20'111111',%20'code':%20'',%20'rememberMe':%20'1',%20'clientType':%20'H5',%20'abbr':%20'CN',%20'clientVersion':%20'',%20'sign':%20'87823FC7334C13955C8B451B48027954'%7D%0A HTTP/1.1" 200 None
2018-05-15 23:25:43,348 - DEBUG - Starting new HTTPS connection (1): m.taidu.com
2018-05-15 23:25:43,552 - DEBUG - https://m.taidu.com:443 "GET /memberSite/sso/loginJson?loginAccount=18521035133&password=111111&code=&rememberMe=1&clientType=H5&abbr=CN&clientVersion=&sign=87823FC7334C13955C8B451B48027954 HTTP/1.1" 200 None
2018-05-15 23:25:43,614 - DEBUG - https://m.taidu.com:443 "GET /goodsSite/banner/bannerList?%7B'clientType':%20'H5',%20'abbr':%20'CN',%20'showPage':%20'home',%20'clientVersion':%20'',%20'sign':%20''%7D%0A HTTP/1.1" 200 None
2018-05-15 23:25:43,630 - DEBUG - Starting new HTTPS connection (1): m.taidu.com
2018-05-15 23:25:43,815 - DEBUG - https://m.taidu.com:443 "GET /memberSite/sso/loginJson?loginAccount=18521035133&password=111111&code=&rememberMe=1&clientType=H5&abbr=CN&clientVersion=&sign=87823FC7334C13955C8B451B48027954 HTTP/1.1" 200 None
2018-05-15 23:25:43,862 - DEBUG - https://m.taidu.com:443 "POST /orderPaySite/tude/order/queryOrderList HTTP/1.1" 200 0
2018-05-15 23:25:54,169 - DEBUG - Starting new HTTPS connection (1): m.taidu.com
2018-05-15 23:25:54,507 - DEBUG - https://m.taidu.com:443 "GET /memberSite/sso/loginJson?loginAccount=18521035133&password=111111&code=&rememberMe=1&clientType=H5&abbr=CN&clientVersion=&sign=87823FC7334C13955C8B451B48027954 HTTP/1.1" 200 None
2018-05-15 23:25:54,608 - DEBUG - https://m.taidu.com:443 "GET /memberSite/sso/loginJson?loginAccount=18521035133&password=111111&code=&rememberMe=1&clientType=H5&abbr=CN&clientVersion=&sign=87823FC7334C13955C8B451B48027954&%7B'loginAccount':%20'18521035133',%20'password':%20'111111',%20'code':%20'',%20'rememberMe':%20'1',%20'clientType':%20'H5',%20'abbr':%20'CN',%20'clientVersion':%20'',%20'sign':%20'87823FC7334C13955C8B451B48027954'%7D%0A HTTP/1.1" 200 None
2018-05-15 23:25:54,624 - DEBUG - Starting new HTTPS connection (1): m.taidu.com
2018-05-15 23:25:54,827 - DEBUG - https://m.taidu.com:443 "GET /memberSite/sso/loginJson?loginAccount=18521035133&password=111111&code=&rememberMe=1&clientType=H5&abbr=CN&clientVersion=&sign=87823FC7334C13955C8B451B48027954 HTTP/1.1" 200 None
2018-05-15 23:25:54,890 - DEBUG - https://m.taidu.com:443 "GET /goodsSite/banner/bannerList?%7B'clientType':%20'H5',%20'abbr':%20'CN',%20'showPage':%20'home',%20'clientVersion':%20'',%20'sign':%20''%7D%0A HTTP/1.1" 200 None
2018-05-15 23:25:54,890 - DEBUG - Starting new HTTPS connection (1): m.taidu.com
2018-05-15 23:25:55,108 - DEBUG - https://m.taidu.com:443 "GET /memberSite/sso/loginJson?loginAccount=18521035133&password=111111&code=&rememberMe=1&clientType=H5&abbr=CN&clientVersion=&sign=87823FC7334C13955C8B451B48027954 HTTP/1.1" 200 None
2018-05-15 23:25:55,265 - DEBUG - https://m.taidu.com:443 "POST /orderPaySite/tude/order/queryOrderList HTTP/1.1" 200 0
2018-05-15 23:29:53,609 - DEBUG - Starting new HTTPS connection (1): m.taidu.com
2018-05-15 23:29:53,859 - DEBUG - https://m.taidu.com:443 "GET /memberSite/sso/loginJson?loginAccount=18521035133&password=111111&code=&rememberMe=1&clientType=H5&abbr=CN&clientVersion=&sign=87823FC7334C13955C8B451B48027954 HTTP/1.1" 200 None
2018-05-15 23:29:53,953 - DEBUG - https://m.taidu.com:443 "GET /memberSite/sso/loginJson?loginAccount=18521035133&password=111111&code=&rememberMe=1&clientType=H5&abbr=CN&clientVersion=&sign=87823FC7334C13955C8B451B48027954&%7B'loginAccount':%20'18521035133',%20'password':%20'111111',%20'code':%20'',%20'rememberMe':%20'1',%20'clientType':%20'H5',%20'abbr':%20'CN',%20'clientVersion':%20'',%20'sign':%20'87823FC7334C13955C8B451B48027954'%7D%0A HTTP/1.1" 200 None
2018-05-15 23:29:53,968 - DEBUG - Starting new HTTPS connection (1): m.taidu.com
2018-05-15 23:29:54,250 - DEBUG - https://m.taidu.com:443 "GET /memberSite/sso/loginJson?loginAccount=18521035133&password=111111&code=&rememberMe=1&clientType=H5&abbr=CN&clientVersion=&sign=87823FC7334C13955C8B451B48027954 HTTP/1.1" 200 None
2018-05-15 23:29:54,322 - DEBUG - https://m.taidu.com:443 "GET /goodsSite/banner/bannerList?%7B'clientType':%20'H5',%20'abbr':%20'CN',%20'showPage':%20'home',%20'clientVersion':%20'',%20'sign':%20''%7D%0A HTTP/1.1" 200 None
2018-05-15 23:29:54,328 - DEBUG - Starting new HTTPS connection (1): m.taidu.com
2018-05-15 23:29:54,521 - DEBUG - https://m.taidu.com:443 "GET /memberSite/sso/loginJson?loginAccount=18521035133&password=111111&code=&rememberMe=1&clientType=H5&abbr=CN&clientVersion=&sign=87823FC7334C13955C8B451B48027954 HTTP/1.1" 200 None
2018-05-15 23:29:54,552 - DEBUG - Starting new HTTPS connection (1): m.taidu.com
2018-05-15 23:29:54,740 - DEBUG - https://m.taidu.com:443 "POST /orderPaySite/tude/order/queryOrderList HTTP/1.1" 200 None
2018-05-15 23:37:12,577 - DEBUG - Starting new HTTPS connection (1): m.taidu.com
2018-05-15 23:37:12,828 - DEBUG - https://m.taidu.com:443 "GET /memberSite/sso/loginJson?loginAccount=18521035133&password=111111&code=&rememberMe=1&clientType=H5&abbr=CN&clientVersion=&sign=87823FC7334C13955C8B451B48027954 HTTP/1.1" 200 None
2018-05-15 23:37:12,985 - DEBUG - https://m.taidu.com:443 "GET /memberSite/sso/loginJson?loginAccount=18521035133&password=111111&code=&rememberMe=1&clientType=H5&abbr=CN&clientVersion=&sign=87823FC7334C13955C8B451B48027954&%7B'loginAccount':%20'18521035133',%20'password':%20'111111',%20'code':%20'',%20'rememberMe':%20'1',%20'clientType':%20'H5',%20'abbr':%20'CN',%20'clientVersion':%20'',%20'sign':%20'87823FC7334C13955C8B451B48027954'%7D%0A HTTP/1.1" 200 None
2018-05-15 23:37:13,000 - DEBUG - Starting new HTTPS connection (1): m.taidu.com
2018-05-15 23:37:13,282 - DEBUG - https://m.taidu.com:443 "GET /memberSite/sso/loginJson?loginAccount=18521035133&password=111111&code=&rememberMe=1&clientType=H5&abbr=CN&clientVersion=&sign=87823FC7334C13955C8B451B48027954 HTTP/1.1" 200 None
2018-05-15 23:37:13,344 - DEBUG - https://m.taidu.com:443 "GET /goodsSite/banner/bannerList?%7B'clientType':%20'H5',%20'abbr':%20'CN',%20'showPage':%20'home',%20'clientVersion':%20'',%20'sign':%20''%7D%0A HTTP/1.1" 200 None
2018-05-15 23:37:13,349 - DEBUG - Starting new HTTPS connection (1): m.taidu.com
2018-05-15 23:37:13,552 - DEBUG - https://m.taidu.com:443 "GET /memberSite/sso/loginJson?loginAccount=18521035133&password=111111&code=&rememberMe=1&clientType=H5&abbr=CN&clientVersion=&sign=87823FC7334C13955C8B451B48027954 HTTP/1.1" 200 None
2018-05-15 23:37:13,567 - DEBUG - Starting new HTTPS connection (1): m.taidu.com
2018-05-15 23:37:13,770 - DEBUG - https://m.taidu.com:443 "POST /orderPaySite/tude/order/queryOrderList HTTP/1.1" 200 None
2018-05-15 23:42:07,750 - DEBUG - Starting new HTTPS connection (1): m.taidu.com
2018-05-15 23:42:07,993 - DEBUG - https://m.taidu.com:443 "GET /memberSite/sso/loginJson?loginAccount=18521035133&password=111111&code=&rememberMe=1&clientType=H5&abbr=CN&clientVersion=&sign=87823FC7334C13955C8B451B48027954&%7B'loginAccount':%20'18521035133',%20'password':%20'111111',%20'code':%20'',%20'rememberMe':%20'1',%20'clientType':%20'H5',%20'abbr':%20'CN',%20'clientVersion':%20'',%20'sign':%20'87823FC7334C13955C8B451B48027954'%7D%0A HTTP/1.1" 200 None
2018-05-15 23:42:07,993 - DEBUG - Starting new HTTPS connection (1): m.taidu.com
2018-05-15 23:42:08,243 - DEBUG - https://m.taidu.com:443 "GET /goodsSite/banner/bannerList?%7B'clientType':%20'H5',%20'abbr':%20'CN',%20'showPage':%20'home',%20'clientVersion':%20'',%20'sign':%20''%7D%0A HTTP/1.1" 200 None
2018-05-15 23:42:08,243 - DEBUG - Starting new HTTPS connection (1): m.taidu.com
2018-05-15 23:42:08,426 - DEBUG - https://m.taidu.com:443 "POST /orderPaySite/tude/order/queryOrderList HTTP/1.1" 200 None
2018-05-15 23:42:48,958 - DEBUG - Starting new HTTPS connection (1): m.taidu.com
2018-05-15 23:42:49,236 - DEBUG - https://m.taidu.com:443 "GET /memberSite/sso/loginJson?loginAccount=18521035133&password=111111&code=&rememberMe=1&clientType=H5&abbr=CN&clientVersion=&sign=87823FC7334C13955C8B451B48027954&%7B'loginAccount':%20'18521035133',%20'password':%20'111111',%20'code':%20'',%20'rememberMe':%20'1',%20'clientType':%20'H5',%20'abbr':%20'CN',%20'clientVersion':%20'',%20'sign':%20'87823FC7334C13955C8B451B48027954'%7D%0A HTTP/1.1" 200 None
2018-05-15 23:42:49,252 - DEBUG - Starting new HTTPS connection (1): m.taidu.com
2018-05-15 23:42:49,459 - DEBUG - https://m.taidu.com:443 "GET /goodsSite/banner/bannerList?%7B'clientType':%20'H5',%20'abbr':%20'CN',%20'showPage':%20'home',%20'clientVersion':%20'',%20'sign':%20''%7D%0A HTTP/1.1" 200 None
2018-05-15 23:42:49,475 - DEBUG - Starting new HTTPS connection (1): m.taidu.com
2018-05-15 23:42:49,725 - DEBUG - https://m.taidu.com:443 "POST /orderPaySite/tude/order/queryOrderList HTTP/1.1" 200 None
